-------------------------------------------------------------------------------
Test set: org.practica3.GraphTest
-------------------------------------------------------------------------------
Tests run: 11, Failures: 1, Errors: 0, Skipped: 0, Time elapsed: 0.061 s <<< FAILURE! - in org.practica3.GraphTest
addEdge(org.practica3.GraphTest)  Time elapsed: 0.006 s  <<< FAILURE!
java.lang.AssertionError
	at org.practica3.GraphTest.addEdge(GraphTest.java:63)

