<?xml version="1.0" encoding="UTF-8"?>
<testsuite xmlns:xsi="http://www.w3.org/2001/XMLSchema-instance" xsi:noNamespaceSchemaLocation="https://maven.apache.org/surefire/maven-surefire-plugin/xsd/surefire-test-report.xsd" name="org.practica3.GraphTest" time="0.061" tests="11" errors="0" skipped="0" failures="1">
  <properties>
[...]
</properties>
  <testcase name="containsVertexNonExistentVertex" classname="org.practica3.GraphTest" time="0.005"/>
  <testcase name="depthFirstSearch" classname="org.practica3.GraphTest" time="0"/>
  <testcase name="addEdge" classname="org.practica3.GraphTest" time="0.006">
    <failure type="java.lang.AssertionError">java.lang.AssertionError
	at org.practica3.GraphTest.addEdge(GraphTest.java:63)
</failure>
  </testcase>
  <testcase name="breadthFirstSearch" classname="org.practica3.GraphTest" time="0"/>
  <testcase name="addExistentEdge" classname="org.practica3.GraphTest" time="0"/>
  <testcase name="containsVertex" classname="org.practica3.GraphTest" time="0.001"/>
  <testcase name="addVertex" classname="org.practica3.GraphTest" time="0"/>
  <testcase name="OnePath" classname="org.practica3.GraphTest" time="0.001"/>
  <testcase name="obtainAdjacentsNonExistentVertex" classname="org.practica3.GraphTest" time="0"/>
  <testcase name="obtainAdjacents" classname="org.practica3.GraphTest" time="0.001"/>
  <testcase name="addEdgeNonExistentVertex" classname="org.practica3.GraphTest" time="0"/>
</testsuite>