<?xml version="1.0" encoding="UTF-8"?>
<testsuite xmlns:xsi="http://www.w3.org/2001/XMLSchema-instance" xsi:noNamespaceSchemaLocation="https://maven.apache.org/surefire/maven-surefire-plugin/xsd/surefire-test-report.xsd" name="org.practica3.GraphTest" time="0.061" tests="11" errors="0" skipped="0" failures="1">
  <properties>
    <property name="java.specification.version" value="20"/>
    <property name="sun.jnu.encoding" value="UTF-8"/>
    <property name="java.class.path" value="/Users/martacaninoromero/IdeaProjects/graph/target/test-classes:/Users/martacaninoromero/IdeaProjects/graph/target/classes:/Users/martacaninoromero/.m2/repository/junit/junit/4.13.2/junit-4.13.2.jar:/Users/martacaninoromero/.m2/repository/org/hamcrest/hamcrest-core/1.3/hamcrest-core-1.3.jar:"/>
    <property name="java.vm.vendor" value="Homebrew"/>
    <property name="sun.arch.data.model" value="64"/>
    <property name="java.vendor.url" value="https://github.com/Homebrew/homebrew-core/issues"/>
    <property name="os.name" value="Mac OS X"/>
    <property name="java.vm.specification.version" value="20"/>
    <property name="sun.java.launcher" value="SUN_STANDARD"/>
    <property name="user.country" value="ES"/>
    <property name="sun.boot.library.path" value="/usr/local/Cellar/openjdk/20/libexec/openjdk.jdk/Contents/Home/lib"/>
    <property name="sun.java.command" value="/Users/martacaninoromero/IdeaProjects/graph/target/surefire/surefirebooter14158302748646165098.jar /Users/martacaninoromero/IdeaProjects/graph/target/surefire 2023-05-12T12-36-19_227-jvmRun1 surefire2335971102545975190tmp surefire_09362357360299562207tmp"/>
    <property name="http.nonProxyHosts" value="local|*.local|169.254/16|*.169.254/16"/>
    <property name="jdk.debug" value="release"/>
    <property name="surefire.test.class.path" value="/Users/martacaninoromero/IdeaProjects/graph/target/test-classes:/Users/martacaninoromero/IdeaProjects/graph/target/classes:/Users/martacaninoromero/.m2/repository/junit/junit/4.13.2/junit-4.13.2.jar:/Users/martacaninoromero/.m2/repository/org/hamcrest/hamcrest-core/1.3/hamcrest-core-1.3.jar:"/>
    <property name="sun.cpu.endian" value="little"/>
    <property name="user.home" value="/Users/martacaninoromero"/>
    <property name="user.language" value="es"/>
    <property name="java.specification.vendor" value="Oracle Corporation"/>
    <property name="java.version.date" value="2023-03-21"/>
    <property name="java.home" value="/usr/local/Cellar/openjdk/20/libexec/openjdk.jdk/Contents/Home"/>
    <property name="file.separator" value="/"/>
    <property name="basedir" value="/Users/martacaninoromero/IdeaProjects/graph"/>
    <property name="java.vm.compressedOopsMode" value="Zero based"/>
    <property name="line.separator" value="&#10;"/>
    <property name="java.vm.specification.vendor" value="Oracle Corporation"/>
    <property name="java.specification.name" value="Java Platform API Specification"/>
    <property name="apple.awt.application.name" value="ForkedBooter"/>
    <property name="surefire.real.class.path" value="/Users/martacaninoromero/IdeaProjects/graph/target/surefire/surefirebooter14158302748646165098.jar"/>
    <property name="sun.management.compiler" value="HotSpot 64-Bit Tiered Compilers"/>
    <property name="ftp.nonProxyHosts" value="local|*.local|169.254/16|*.169.254/16"/>
    <property name="java.runtime.version" value="20"/>
    <property name="user.name" value="martacaninoromero"/>
    <property name="stdout.encoding" value="UTF-8"/>
    <property name="path.separator" value=":"/>
    <property name="os.version" value="13.3.1"/>
    <property name="java.runtime.name" value="OpenJDK Runtime Environment"/>
    <property name="file.encoding" value="UTF-8"/>
    <property name="java.vm.name" value="OpenJDK 64-Bit Server VM"/>
    <property name="java.vendor.version" value="Homebrew"/>
    <property name="localRepository" value="/Users/martacaninoromero/.m2/repository"/>
    <property name="java.vendor.url.bug" value="https://github.com/Homebrew/homebrew-core/issues"/>
    <property name="java.io.tmpdir" value="/var/folders/m8/9rd44wvx47j51lczw45sffl40000gn/T/"/>
    <property name="java.version" value="20"/>
    <property name="user.dir" value="/Users/martacaninoromero/IdeaProjects/graph"/>
    <property name="os.arch" value="x86_64"/>
    <property name="java.vm.specification.name" value="Java Virtual Machine Specification"/>
    <property name="native.encoding" value="UTF-8"/>
    <property name="java.library.path" value="/Users/martacaninoromero/Library/Java/Extensions:/Library/Java/Extensions:/Network/Library/Java/Extensions:/System/Library/Java/Extensions:/usr/lib/java:."/>
    <property name="java.vm.info" value="mixed mode, sharing"/>
    <property name="stderr.encoding" value="UTF-8"/>
    <property name="java.vendor" value="Homebrew"/>
    <property name="java.vm.version" value="20"/>
    <property name="sun.io.unicode.encoding" value="UnicodeBig"/>
    <property name="socksNonProxyHosts" value="local|*.local|169.254/16|*.169.254/16"/>
    <property name="java.class.version" value="64.0"/>
  </properties>
  <testcase name="containsVertexNonExistentVertex" classname="org.practica3.GraphTest" time="0.005"/>
  <testcase name="depthFirstSearch" classname="org.practica3.GraphTest" time="0"/>
  <testcase name="addEdge" classname="org.practica3.GraphTest" time="0.006">
    <failure type="java.lang.AssertionError">java.lang.AssertionError
	at org.practica3.GraphTest.addEdge(GraphTest.java:63)
</failure>
  </testcase>
  <testcase name="breadthFirstSearch" classname="org.practica3.GraphTest" time="0"/>
  <testcase name="addExistentEdge" classname="org.practica3.GraphTest" time="0"/>
  <testcase name="containsVertex" classname="org.practica3.GraphTest" time="0.001"/>
  <testcase name="addVertex" classname="org.practica3.GraphTest" time="0"/>
  <testcase name="OnePath" classname="org.practica3.GraphTest" time="0.001"/>
  <testcase name="obtainAdjacentsNonExistentVertex" classname="org.practica3.GraphTest" time="0"/>
  <testcase name="obtainAdjacents" classname="org.practica3.GraphTest" time="0.001"/>
  <testcase name="addEdgeNonExistentVertex" classname="org.practica3.GraphTest" time="0"/>
</testsuite>